Copyright 1986-2020 Xilinx, Inc. All Rights Reserved.
-------------------------------------------------------------------------------------------------------------------------------------------------------------------------------------------------------
| Tool Version     : Vivado v.2020.1 (lin64) Build 2902540 Wed May 27 19:54:35 MDT 2020
| Date             : Thu Dec 18 16:12:40 2025
| Host             : linuxvdi-f25-28.ece.iastate.edu running 64-bit unknown
| Command          : report_power -file conv_accelerator_bd_wrapper_power_routed.rpt -pb conv_accelerator_bd_wrapper_power_summary_routed.pb -rpx conv_accelerator_bd_wrapper_power_routed.rpx
| Design           : conv_accelerator_bd_wrapper
| Device           : xc7z020clg484-1
| Design State     : routed
| Grade            : commercial
| Process          : typical
| Characterization : Production
-------------------------------------------------------------------------------------------------------------------------------------------------------------------------------------------------------

Power Report

Table of Contents
-----------------
1. Summary
1.1 On-Chip Components
1.2 Power Supply Summary
1.3 Confidence Level
2. Settings
2.1 Environment
2.2 Clock Constraints
3. Detailed Reports
3.1 By Hierarchy

1. Summary
----------

+--------------------------+--------------+
| Total On-Chip Power (W)  | 1.730        |
| Design Power Budget (W)  | Unspecified* |
| Power Budget Margin (W)  | NA           |
| Dynamic (W)              | 1.581        |
| Device Static (W)        | 0.149        |
| Effective TJA (C/W)      | 11.5         |
| Max Ambient (C)          | 65.0         |
| Junction Temperature (C) | 45.0         |
| Confidence Level         | Medium       |
| Setting File             | ---          |
| Simulation Activity File | ---          |
| Design Nets Matched      | NA           |
+--------------------------+--------------+
* Specify Design Power Budget using, set_operating_conditions -design_power_budget <value in Watts>


1.1 On-Chip Components
----------------------

+--------------------------+-----------+----------+-----------+-----------------+
| On-Chip                  | Power (W) | Used     | Available | Utilization (%) |
+--------------------------+-----------+----------+-----------+-----------------+
| Clocks                   |     0.016 |        3 |       --- |             --- |
| Slice Logic              |     0.010 |    11106 |       --- |             --- |
|   LUT as Logic           |     0.008 |     4028 |     53200 |            7.57 |
|   Register               |    <0.001 |     4518 |    106400 |            4.25 |
|   CARRY4                 |    <0.001 |      201 |     13300 |            1.51 |
|   LUT as Distributed RAM |    <0.001 |      230 |     17400 |            1.32 |
|   F7/F8 Muxes            |    <0.001 |       79 |     53200 |            0.15 |
|   LUT as Shift Register  |    <0.001 |      174 |     17400 |            1.00 |
|   Others                 |     0.000 |      321 |       --- |             --- |
| Signals                  |     0.015 |     9189 |       --- |             --- |
| Block RAM                |     0.007 |       68 |       140 |           48.57 |
| DSPs                     |     0.003 |        4 |       220 |            1.82 |
| PS7                      |     1.530 |        1 |       --- |             --- |
| Static Power             |     0.149 |          |           |                 |
| Total                    |     1.730 |          |           |                 |
+--------------------------+-----------+----------+-----------+-----------------+


1.2 Power Supply Summary
------------------------

+-----------+-------------+-----------+-------------+------------+-------------+-------------+------------+
| Source    | Voltage (V) | Total (A) | Dynamic (A) | Static (A) | Powerup (A) | Budget (A)  | Margin (A) |
+-----------+-------------+-----------+-------------+------------+-------------+-------------+------------+
| Vccint    |       1.000 |     0.068 |       0.050 |      0.018 |       NA    | Unspecified | NA         |
| Vccaux    |       1.800 |     0.015 |       0.000 |      0.015 |       NA    | Unspecified | NA         |
| Vcco33    |       3.300 |     0.000 |       0.000 |      0.000 |       NA    | Unspecified | NA         |
| Vcco25    |       2.500 |     0.000 |       0.000 |      0.000 |       NA    | Unspecified | NA         |
| Vcco18    |       1.800 |     0.000 |       0.000 |      0.000 |       NA    | Unspecified | NA         |
| Vcco15    |       1.500 |     0.000 |       0.000 |      0.000 |       NA    | Unspecified | NA         |
| Vcco135   |       1.350 |     0.000 |       0.000 |      0.000 |       NA    | Unspecified | NA         |
| Vcco12    |       1.200 |     0.000 |       0.000 |      0.000 |       NA    | Unspecified | NA         |
| Vccaux_io |       1.800 |     0.000 |       0.000 |      0.000 |       NA    | Unspecified | NA         |
| Vccbram   |       1.000 |     0.006 |       0.001 |      0.005 |       NA    | Unspecified | NA         |
| MGTAVcc   |       1.000 |     0.000 |       0.000 |      0.000 |       NA    | Unspecified | NA         |
| MGTAVtt   |       1.200 |     0.000 |       0.000 |      0.000 |       NA    | Unspecified | NA         |
| MGTVccaux |       1.800 |     0.000 |       0.000 |      0.000 |       NA    | Unspecified | NA         |
| Vccpint   |       1.000 |     0.750 |       0.719 |      0.031 |       NA    | Unspecified | NA         |
| Vccpaux   |       1.800 |     0.061 |       0.051 |      0.010 |       NA    | Unspecified | NA         |
| Vccpll    |       1.800 |     0.017 |       0.014 |      0.003 |       NA    | Unspecified | NA         |
| Vcco_ddr  |       1.500 |     0.459 |       0.457 |      0.002 |       NA    | Unspecified | NA         |
| Vcco_mio0 |       3.300 |     0.003 |       0.002 |      0.001 |       NA    | Unspecified | NA         |
| Vcco_mio1 |       1.800 |     0.003 |       0.002 |      0.001 |       NA    | Unspecified | NA         |
| Vccadc    |       1.800 |     0.020 |       0.000 |      0.020 |       NA    | Unspecified | NA         |
+-----------+-------------+-----------+-------------+------------+-------------+-------------+------------+


1.3 Confidence Level
--------------------

+-----------------------------+------------+------------------------------------------------+------------------------------------------------------------------------------------------------------------+
| User Input Data             | Confidence | Details                                        | Action                                                                                                     |
+-----------------------------+------------+------------------------------------------------+------------------------------------------------------------------------------------------------------------+
| Design implementation state | High       | Design is routed                               |                                                                                                            |
| Clock nodes activity        | High       | User specified more than 95% of clocks         |                                                                                                            |
| I/O nodes activity          | High       | User specified more than 95% of inputs         |                                                                                                            |
| Internal nodes activity     | Medium     | User specified less than 25% of internal nodes | Provide missing internal nodes activity with simulation results or by editing the "By Resource Type" views |
| Device models               | High       | Device models are Production                   |                                                                                                            |
|                             |            |                                                |                                                                                                            |
| Overall confidence level    | Medium     |                                                |                                                                                                            |
+-----------------------------+------------+------------------------------------------------+------------------------------------------------------------------------------------------------------------+


2. Settings
-----------

2.1 Environment
---------------

+-----------------------+------------------------+
| Ambient Temp (C)      | 25.0                   |
| ThetaJA (C/W)         | 11.5                   |
| Airflow (LFM)         | 250                    |
| Heat Sink             | none                   |
| ThetaSA (C/W)         | 0.0                    |
| Board Selection       | medium (10"x10")       |
| # of Board Layers     | 8to11 (8 to 11 Layers) |
| Board Temperature (C) | 25.0                   |
+-----------------------+------------------------+


2.2 Clock Constraints
---------------------

+------------+------------------------------------------------------------------------+-----------------+
| Clock      | Domain                                                                 | Constraint (ns) |
+------------+------------------------------------------------------------------------+-----------------+
| clk_fpga_0 | conv_accelerator_bd_i/processing_system7_0/inst/FCLK_CLK_unbuffered[0] |            12.0 |
+------------+------------------------------------------------------------------------+-----------------+


3. Detailed Reports
-------------------

3.1 By Hierarchy
----------------

+------------------------------------------------------------+-----------+
| Name                                                       | Power (W) |
+------------------------------------------------------------+-----------+
| conv_accelerator_bd_wrapper                                |     1.581 |
|   conv_accelerator_bd_i                                    |     1.581 |
|     axi_cdma_0                                             |     0.006 |
|       U0                                                   |     0.006 |
|     axi_crossbar_1                                         |     0.001 |
|     axi_protocol_convert_0                                 |     0.003 |
|     axi_protocol_convert_3                                 |     0.001 |
|     bram/axi_bram_ctrl                                     |     0.003 |
|     bram/bram_input_0/blk_mem_gen_0                        |     0.002 |
|       U0                                                   |     0.002 |
|     bram/bram_input_0/blk_mem_gen_1                        |     0.002 |
|       U0                                                   |     0.002 |
|     bram/bram_input_0/bram_switch_1                        |     0.003 |
|     conv_accelerator_wra_0                                 |     0.021 |
|       U0/g_conv_accel/g_dequantization/dequant/fxedP_mult  |     0.008 |
|       U0/g_conv_accel/g_dequantization/dequant/zerop_adder |     0.001 |
|       U0/g_conv_accel/g_mac0/mac/mult_add                  |     0.001 |
|       U0/g_conv_accel/g_mac1/mac/mult_add                  |     0.001 |
|       U0/g_conv_accel/g_mac2/mac/mult_add                  |     0.001 |
|       U0/g_conv_accel/g_mac3/mac/mult_add                  |     0.001 |
|     processing_system7_0                                   |     1.531 |
|       inst                                                 |     1.531 |
+------------------------------------------------------------+-----------+


